f:\my_work\directx 11\sculpt\x64\debug\backend.lib
f:\my_work\directx 11\sculpt\x64\debug\backend.exp
g:\my work\dreamgraphicsapi\x64\debug\backend.lib
g:\my work\dreamgraphicsapi\x64\debug\backend.exp
g:\my work\dreamgraphicsapi\consoleapp\bin\debug\net6.0\backend.lib
g:\my work\dreamgraphicsapi\consoleapp\bin\debug\net6.0\backend.exp
g:\my work\dreamgraphicsapi\frontend\bin\debug\net6.0-windows7.0\backend.lib
g:\my work\dreamgraphicsapi\frontend\bin\debug\net6.0-windows7.0\backend.exp
g:\my work\dreamgraphicsapi\backend\x64\debug\vc143.pdb
g:\my work\dreamgraphicsapi\backend\x64\debug\vc143.idb
g:\my work\dreamgraphicsapi\backend\x64\debug\renderdocintegration.obj
g:\my work\dreamgraphicsapi\backend\x64\debug\interface.obj
g:\my work\dreamgraphicsapi\backend\x64\debug\texture.obj
g:\my work\dreamgraphicsapi\backend\x64\debug\shader.obj
g:\my work\dreamgraphicsapi\backend\x64\debug\rasterizerpipeline.obj
g:\my work\dreamgraphicsapi\backend\x64\debug\instance.obj
g:\my work\dreamgraphicsapi\backend\x64\debug\device.obj
g:\my work\dreamgraphicsapi\backend\x64\debug\commandbuffer.obj
g:\my work\dreamgraphicsapi\backend\x64\debug\windowsspecific.obj
g:\my work\dreamgraphicsapi\backend\x64\debug\filesys.obj
g:\my work\dreamgraphicsapi\backend\x64\debug\logs.obj
g:\my work\dreamgraphicsapi\backend\x64\debug\graphicsapi.obj
g:\my work\dreamgraphicsapi\backend\x64\debug\backend.pch
g:\my work\dreamgraphicsapi\backend\x64\debug\pch.obj
g:\my work\dreamgraphicsapi\backend\x64\debug\dx12.obj
g:\my work\dreamgraphicsapi\frontend\bin\debug\net6.0-windows7.0\backend.dll
g:\my work\dreamgraphicsapi\backend\x64\debug\backend.ilk
g:\my work\dreamgraphicsapi\frontend\bin\debug\net6.0-windows7.0\backend.pdb
g:\my work\dreamgraphicsapi\backend\x64\debug\backend.tlog\backend.write.1u.tlog
g:\my work\dreamgraphicsapi\backend\x64\debug\backend.tlog\cl.command.1.tlog
g:\my work\dreamgraphicsapi\backend\x64\debug\backend.tlog\cl.read.1.tlog
g:\my work\dreamgraphicsapi\backend\x64\debug\backend.tlog\cl.write.1.tlog
g:\my work\dreamgraphicsapi\backend\x64\debug\backend.tlog\link.command.1.tlog
g:\my work\dreamgraphicsapi\backend\x64\debug\backend.tlog\link.read.1.tlog
g:\my work\dreamgraphicsapi\backend\x64\debug\backend.tlog\link.write.1.tlog
